Arguments: 
  C:\Program Files\nodejs\node.exe C:\Users\Suvrajit Naskar\AppData\Roaming\npm\node_modules\yarn\bin\yarn.js init

PATH: 
  C:\Users\Suvrajit Naskar\bin;C:\cmder\bin;C:\Program Files\Git\bin;C:\cmder\vendor\git-for-windows\mingw64\bin;C:\cmder\vendor\git-for-windows\usr\local\bin;C:\cmder\vendor\git-for-windows\usr\bin;C:\cmder\vendor\git-for-windows\usr\bin;C:\cmder\vendor\git-for-windows\mingw64\bin;C:\cmder\vendor\git-for-windows\usr\bin;C:\Users\Suvrajit Naskar\bin;C:\cmder\vendor\conemu-maximus5\ConEmu\Scripts;C:\cmder\vendor\conemu-maximus5;C:\cmder\vendor\conemu-maximus5\ConEmu;C:\Windows\system32;C:\Windows;C:\Windows\System32\Wbem;C:\Windows\System32\WindowsPowerShell\v1.0;C:\Windows\System32\OpenSSH;C:\MinGW\bin;C:\Program Files\nodejs;C:\cmder\vendor\git-for-windows\usr\bin;C:\cmder;C:\Program Files\Git\cmd;C:\Users\Suvrajit Naskar\AppData\Local\Microsoft\WindowsApps;C:\Users\Suvrajit Naskar\AppData\Local\Programs\Microsoft VS Code\bin;C:\Users\Suvrajit Naskar\AppData\Roaming\npm;C:\Users\Suvrajit Naskar\AppData\Local\hyper\app-3.0.2\resources\bin;C:\flutter;C:\flutter\bin;C:\flutter\bin\cache\dart-sdk\bin;C:\cmder;C:\cmder\vendor\git-for-windows\usr\bin\vendor_perl;C:\cmder\vendor\git-for-windows\usr\bin\core_perl

Yarn version: 
  1.17.3

Node version: 
  10.16.1

Platform: 
  win32 x64

Trace: 
  Error: canceled
      at Interface.<anonymous> (C:\Users\Suvrajit Naskar\AppData\Roaming\npm\node_modules\yarn\lib\cli.js:136724:13)
      at Interface.emit (events.js:198:13)
      at Interface._ttyWrite (readline.js:801:16)
      at ReadStream.onkeypress (readline.js:184:10)
      at ReadStream.emit (events.js:198:13)
      at emitKeys (internal/readline.js:424:14)
      at emitKeys.next (<anonymous>)
      at ReadStream.onData (readline.js:1075:36)
      at ReadStream.emit (events.js:198:13)
      at addChunk (_stream_readable.js:288:12)

npm manifest: 
  No manifest

yarn manifest: 
  No manifest

Lockfile: 
  No lockfile
